Traceback (most recent call last):
  File "C:\Users\fwilden\AppData\Local\miniconda3\envs\jupyterbook\lib\site-packages\jupyter_cache\executors\utils.py", line 58, in single_nb_execution
    executenb(
  File "C:\Users\fwilden\AppData\Local\miniconda3\envs\jupyterbook\lib\site-packages\nbclient\client.py", line 1314, in execute
    return NotebookClient(nb=nb, resources=resources, km=km, **kwargs).execute()
  File "C:\Users\fwilden\AppData\Local\miniconda3\envs\jupyterbook\lib\site-packages\jupyter_core\utils\__init__.py", line 165, in wrapped
    return loop.run_until_complete(inner)
  File "C:\Users\fwilden\AppData\Local\miniconda3\envs\jupyterbook\lib\asyncio\base_events.py", line 649, in run_until_complete
    return future.result()
  File "C:\Users\fwilden\AppData\Local\miniconda3\envs\jupyterbook\lib\site-packages\nbclient\client.py", line 709, in async_execute
    await self.async_execute_cell(
  File "C:\Users\fwilden\AppData\Local\miniconda3\envs\jupyterbook\lib\site-packages\nbclient\client.py", line 1062, in async_execute_cell
    await self._check_raise_for_error(cell, cell_index, exec_reply)
  File "C:\Users\fwilden\AppData\Local\miniconda3\envs\jupyterbook\lib\site-packages\nbclient\client.py", line 918, in _check_raise_for_error
    raise CellExecutionError.from_cell_and_msg(cell, exec_reply_content)
nbclient.exceptions.CellExecutionError: An error occurred while executing the following cell:
------------------
albums_df = pd.read_csv("albums.csv", sep=';')
albums_df['Rounded year'] = albums_df['Year'].apply(lambda x: 10 * round(int(x) / 10))
albums_df['Have'] = albums_df['Have'].apply(lambda x: 1 if x == "X" else x)
score = len(albums_df[(albums_df['Have'] == 1)]) / len(albums_df)
displays = int(score * 40)
print(f"Total:     [{"+" * displays}{"." * (40 - displays)}] {len(albums_df[(albums_df['Have'] == 1)])} out of {len(albums_df)}\n")
for year in sorted(albums_df['Rounded year'].unique()):
    score = len(albums_df[(albums_df['Rounded year'] == year) & (albums_df['Have'] == 1)]) / len(albums_df[albums_df['Rounded year'] == year])
    symbol = "⋆" if score == 1 else "+"
    displays = int(score * 40)
    print(f"{year-5}-{year+4}: [{symbol * displays}{"." * (40 - displays)}] {len(albums_df[(albums_df['Rounded year'] == year) & (albums_df['Have'] == 1)])} out of {len(albums_df[albums_df['Rounded year'] == year])}")
------------------


[1;36m  Cell [1;32mIn[6], line 6[1;36m[0m
[1;33m    print(f"Total:     [{"+" * displays}{"." * (40 - displays)}] {len(albums_df[(albums_df['Have'] == 1)])} out of {len(albums_df)}\n")[0m
[1;37m                          ^[0m
[1;31mSyntaxError[0m[1;31m:[0m f-string: expecting '}'


